<?xml version="1.0" encoding="UTF-8"?>
<!-- Generated by org.testng.reporters.JUnitXMLReporter -->
<testsuite ignored="3" hostname="LAPTOP-B4SIUUUH" failures="0" tests="1" name="Default test" time="0.052" errors="0" timestamp="2023-04-06T09:08:41 IST">
  <testcase classname="com.sgtesting.tests.Users" name="method1" time="0.009"/>
  <testcase classname="com.sgtesting.tests.Users" name="method2" time="0.0">
    <ignored/>
  </testcase> <!-- method2 -->
  <testcase classname="com.sgtesting.tests.Users" name="method3" time="0.0">
    <ignored/>
  </testcase> <!-- method3 -->
  <testcase classname="com.sgtesting.tests.Users" name="method4" time="0.0">
    <ignored/>
  </testcase> <!-- method4 -->
</testsuite> <!-- Default test -->
