<?xml version="1.0" encoding="UTF-8"?>
<testng-results ignored="0" total="4" passed="4" failed="0" skipped="0">
  <reporter-output>
  </reporter-output>
  <suite started-at="2023-04-06T09:19:19 IST" name="TestCases" finished-at="2023-04-06T09:19:19 IST" duration-ms="59">
    <groups>
    </groups>
    <test started-at="2023-04-06T09:19:19 IST" name="tests" finished-at="2023-04-06T09:19:19 IST" duration-ms="59">
      <class name="com.sgtesting.tests.Users">
        <test-method signature="method1()[pri:0, instance:com.sgtesting.tests.Users@152aa092]" started-at="2023-04-06T09:19:19 IST" name="method1" finished-at="2023-04-06T09:19:19 IST" duration-ms="10" status="PASS">
          <reporter-output>
          </reporter-output>
        </test-method> <!-- method1 -->
        <test-method signature="method2()[pri:0, instance:com.sgtesting.tests.Users@152aa092]" started-at="2023-04-06T09:19:19 IST" name="method2" finished-at="2023-04-06T09:19:19 IST" duration-ms="1" status="PASS">
          <reporter-output>
          </reporter-output>
        </test-method> <!-- method2 -->
        <test-method signature="method3()[pri:0, instance:com.sgtesting.tests.Users@152aa092]" started-at="2023-04-06T09:19:19 IST" name="method3" finished-at="2023-04-06T09:19:19 IST" duration-ms="1" status="PASS">
          <reporter-output>
          </reporter-output>
        </test-method> <!-- method3 -->
        <test-method signature="method4()[pri:0, instance:com.sgtesting.tests.Users@152aa092]" started-at="2023-04-06T09:19:19 IST" name="method4" finished-at="2023-04-06T09:19:19 IST" duration-ms="1" status="PASS">
          <reporter-output>
          </reporter-output>
        </test-method> <!-- method4 -->
      </class> <!-- com.sgtesting.tests.Users -->
    </test> <!-- tests -->
  </suite> <!-- TestCases -->
</testng-results>
