<?xml version="1.0" encoding="UTF-8"?>
<!-- Generated by org.testng.reporters.JUnitXMLReporter -->
<testsuite ignored="0" hostname="LAPTOP-B4SIUUUH" failures="0" tests="4" name="tests" time="0.055" errors="0" timestamp="2023-04-07T08:05:25 IST">
  <testcase classname="com.sgtesting.tests.Users" name="method1" time="0.005"/>
  <testcase classname="com.sgtesting.tests.Users" name="method2" time="0.0"/>
  <testcase classname="com.sgtesting.tests.Users" name="method3" time="0.0"/>
  <testcase classname="com.sgtesting.tests.Users" name="method4" time="0.001"/>
</testsuite> <!-- tests -->
